<?xml version="1.0" encoding="UTF-8"?>
<!-- Generated by org.testng.reporters.JUnitReportReporter -->
<testsuite hostname="LAPTOP-BCMO95IV" failures="0" tests="1" name="pageTests.RegisterPageTests" time="27.439" errors="0" timestamp="2024-03-11T17:47:28 IST" skipped="0">
  <testcase classname="pageTests.RegisterPageTests" name="enterNewUserDetails" time="27.439"/>
</testsuite> <!-- pageTests.RegisterPageTests -->
