<?xml version="1.0" encoding="UTF-8"?>
<!-- Generated by org.testng.reporters.JUnitReportReporter -->
<testsuite hostname="LAPTOP-BCMO95IV" failures="0" tests="1" name="pageTests.RegisterPageTests" time="27.869" errors="0" timestamp="2024-03-11T16:11:08 IST" skipped="0">
  <testcase classname="pageTests.RegisterPageTests" name="enterNewUserDetails" time="27.869"/>
</testsuite> <!-- pageTests.RegisterPageTests -->
