<?xml version="1.0" encoding="UTF-8"?>
<!-- Generated by org.testng.reporters.JUnitReportReporter -->
<testsuite hostname="LAPTOP-BCMO95IV" failures="0" tests="2" name="pageTests.LoginPageTests" time="25.735" errors="0" timestamp="2024-03-01T15:53:47 IST" skipped="0">
  <testcase classname="pageTests.LoginPageTests" name="ValidLoginTest" time="16.703"/>
  <testcase classname="pageTests.LoginPageTests" name="InvalidLoginTest" time="9.032"/>
</testsuite> <!-- pageTests.LoginPageTests -->
