<?xml version="1.0" encoding="UTF-8"?>
<!-- Generated by org.testng.reporters.JUnitReportReporter -->
<testsuite hostname="LAPTOP-BCMO95IV" failures="0" tests="2" name="pageTests.LoginPageTests" time="30.936" errors="0" timestamp="2024-03-11T17:47:28 IST" skipped="0">
  <testcase classname="pageTests.LoginPageTests" name="ValidLoginTest" time="18.235"/>
  <testcase classname="pageTests.LoginPageTests" name="InvalidLoginTest" time="12.701"/>
</testsuite> <!-- pageTests.LoginPageTests -->
